<?xml version="1.0" encoding="UTF-8"?>
<!-- Generated by org.testng.reporters.JUnitReportReporter -->
<testsuite hostname="Gannu" failures="0" tests="1" name="SP01.SelPro.LaunchFlipkart" time="10.650" errors="0" timestamp="2024-08-28T16:17:16 IST" skipped="0">
  <testcase classname="SP01.SelPro.LaunchFlipkart" name="openFlipkartLink" time="10.650"/>
</testsuite> <!-- SP01.SelPro.LaunchFlipkart -->
